<?xml version="1.0" encoding="UTF-8"?>
<!-- Generated by org.testng.reporters.JUnitReportReporter -->
<testsuite skipped="0" hostname="LAPTOP-DQ5HS337" name="com.fb.qa.testcases.FBLoginTest" tests="3" failures="0" timestamp="09 Aug 2020 05:44:52 GMT" time="9.075" errors="0">
  <testcase name="takePhoto" time="0.731" classname="com.fb.qa.testcases.FBLoginTest"/>
  <testcase name="EnterSignUpData" time="8.143" classname="com.fb.qa.testcases.FBLoginTest"/>
  <testcase name="checkEnabledElements" time="0.201" classname="com.fb.qa.testcases.FBLoginTest"/>
</testsuite> <!-- com.fb.qa.testcases.FBLoginTest -->
